<?xml version="1.0" encoding="UTF-8"?>
<testsuite name="com.example.movil_izate.DemoApplicationTests" tests="1" skipped="0" failures="0" errors="0" timestamp="2025-03-18T23:34:04.655Z" hostname="DESKTOP-16NBUCF" time="0.36">
  <properties/>
  <testcase name="contextLoads()" classname="com.example.movil_izate.DemoApplicationTests" time="0.36"/>
  <system-out><![CDATA[20:34:01.901 [Test worker] INFO org.springframework.test.context.support.AnnotationConfigContextLoaderUtils -- Could not detect default configuration classes for test class [com.example.movil_izate.DemoApplicationTests]: DemoApplicationTests does not declare any static, non-private, non-final, nested classes annotated with @Configuration.
20:34:01.990 [Test worker] INFO org.springframework.boot.test.context.SpringBootTestContextBootstrapper -- Found @SpringBootConfiguration com.example.movil_izate.DemoApplication for test class com.example.movil_izate.DemoApplicationTests
  .   ____          _            __ _ _
 /\\ / ___'_ __ _ _(_)_ __  __ _ \ \ \ \
( ( )\___ | '_ | '_| | '_ \/ _` | \ \ \ \
 \\/  ___)| |_)| | | | | || (_| |  ) ) ) )
  '  |____| .__|_| |_|_| |_\__, | / / / /
 =========|_|==============|___/=/_/_/_/

 :: Spring Boot ::                (v3.3.0)

2025-03-18T20:34:02.252-03:00  INFO 135415 --- [demo] [    Test worker] c.e.movil_izate.DemoApplicationTests     : Starting DemoApplicationTests using Java 17.0.14 with PID 135415 (started by phelions in /home/phelions/project/movil_izate)
2025-03-18T20:34:02.253-03:00  INFO 135415 --- [demo] [    Test worker] c.e.movil_izate.DemoApplicationTests     : No active profile set, falling back to 1 default profile: "default"
2025-03-18T20:34:02.662-03:00  INFO 135415 --- [demo] [    Test worker] .s.d.r.c.RepositoryConfigurationDelegate : Bootstrapping Spring Data JPA repositories in DEFAULT mode.
2025-03-18T20:34:02.699-03:00  INFO 135415 --- [demo] [    Test worker] .s.d.r.c.RepositoryConfigurationDelegate : Finished Spring Data repository scanning in 31 ms. Found 1 JPA repository interface.
2025-03-18T20:34:02.987-03:00  INFO 135415 --- [demo] [    Test worker] o.hibernate.jpa.internal.util.LogHelper  : HHH000204: Processing PersistenceUnitInfo [name: default]
2025-03-18T20:34:03.016-03:00  INFO 135415 --- [demo] [    Test worker] org.hibernate.Version                    : HHH000412: Hibernate ORM core version 6.5.2.Final
2025-03-18T20:34:03.037-03:00  INFO 135415 --- [demo] [    Test worker] o.h.c.internal.RegionFactoryInitiator    : HHH000026: Second-level cache disabled
2025-03-18T20:34:03.215-03:00  INFO 135415 --- [demo] [    Test worker] o.s.o.j.p.SpringPersistenceUnitInfo      : No LoadTimeWeaver setup: ignoring JPA class transformer
2025-03-18T20:34:03.231-03:00  INFO 135415 --- [demo] [    Test worker] com.zaxxer.hikari.HikariDataSource       : HikariPool-1 - Starting...
2025-03-18T20:34:03.464-03:00  INFO 135415 --- [demo] [    Test worker] com.zaxxer.hikari.pool.HikariPool        : HikariPool-1 - Added connection org.postgresql.jdbc.PgConnection@778113f2
2025-03-18T20:34:03.465-03:00  INFO 135415 --- [demo] [    Test worker] com.zaxxer.hikari.HikariDataSource       : HikariPool-1 - Start completed.
2025-03-18T20:34:03.991-03:00  INFO 135415 --- [demo] [    Test worker] o.h.e.t.j.p.i.JtaPlatformInitiator       : HHH000489: No JTA platform available (set 'hibernate.transaction.jta.platform' to enable JTA platform integration)
2025-03-18T20:34:04.025-03:00  INFO 135415 --- [demo] [    Test worker] j.LocalContainerEntityManagerFactoryBean : Initialized JPA EntityManagerFactory for persistence unit 'default'
2025-03-18T20:34:04.306-03:00  WARN 135415 --- [demo] [    Test worker] JpaBaseConfiguration$JpaWebConfiguration : spring.jpa.open-in-view is enabled by default. Therefore, database queries may be performed during view rendering. Explicitly configure spring.jpa.open-in-view to disable this warning
2025-03-18T20:34:04.637-03:00  INFO 135415 --- [demo] [    Test worker] c.e.movil_izate.DemoApplicationTests     : Started DemoApplicationTests in 2.548 seconds (process running for 3.302)
]]></system-out>
  <system-err><![CDATA[]]></system-err>
</testsuite>
